[Saturday/January 10/01/2026 13:46:36] /run/media/emo/emote/【cos神人志_腥味猫罐吧】四字海鲜瓜.mp4 | length=45.7663125 | time=13.767
[Saturday/January 10/01/2026 13:48:01] /run/media/emo/emote/肖申克的救赎.mp4 | length=8553.566666 | time=263.733333
[Saturday/January 10/01/2026 18:08:56] /run/media/emo/emote/肖申克的救赎.mp4 | length=8553.566666 | time=265.4
[Sunday/January 11/01/2026 20:41:18] /run/media/emo/emote/hhd800.com@ABF-303.mp4 | length=11152.274466667 | time=1839.6711666667
[Sunday/January 11/01/2026 20:55:29] /home/emo/视频/recording_20260111_205451.mp4 | length=5.34 | time=5.34
[Monday/January 12/01/2026 16:08:06] /run/media/emo/emote/hhd800.com@ABF-303.mp4 | length=11152.274466667 | time=2116.7813333333
[Monday/January 12/01/2026 16:15:11] /run/media/emo/emote/hhd800.com@ABF-303.mp4 | length=11152.274466667 | time=2129.0936333333
[Monday/January 12/01/2026 17:15:33] /home/emo/下载/FC2-PPV-4828968/hhd800.com@FC2-PPV-4828968.mp4 | length=3804.9853333333 | time=1638.2883463542
[Monday/January 12/01/2026 18:03:00] /home/emo/下载/VideoDownloader/【小lin说下架】中国的房地产怎么了？｜碧桂园｜恒大｜中植｜中融｜信托｜城投债.mp3 | length=1176.9150222222 | time=53.85331995261
[Monday/January 12/01/2026 18:06:14] /home/emo/下载/VideoDownloader/【小lin说下架】中国的房地产怎么了？｜碧桂园｜恒大｜中植｜中融｜信托｜城投债.webm | length=1176.948 | time=2.7
[Tuesday/January 13/01/2026 00:17:51] /run/media/emo/emote/stepson-cum-inside-me-9-720p.mp4 | length=9073.064 | time=6960.0531
[Tuesday/January 13/01/2026 00:18:16] /home/emo/下载/hhd800.com@SDMU-963_Uncensored_Leaked.mp4 | length=8383.4666666667 | time=6686.7
[Tuesday/January 13/01/2026 00:18:55] /home/emo/下载/FC2-PPV-4829240/hhd800.com@FC2-PPV-4829240.mp4 | length=4276.5333333333 | time=3454.6
[Tuesday/January 13/01/2026 00:19:18] /home/emo/下载/FC2-PPV-4828968/hhd800.com@FC2-PPV-4828968.mp4 | length=3804.9853333333 | time=3361.0883463542
[Tuesday/January 13/01/2026 12:31:15] /run/media/emo/emote/【cos神人志_腥味猫罐吧】四字海鲜瓜.mp4 | length=45.7663125 | time=45.743310657595
[Tuesday/January 13/01/2026 12:31:48] /run/media/emo/emote/肖申克的救赎.mp4 | length=8553.566666 | time=298.033333
[Tuesday/January 13/01/2026 14:05:32] /home/emo/音乐/周杰伦/最伟大的作品.mp4 | length=244.233 | time=5.433
[Tuesday/January 13/01/2026 14:09:34] /home/emo/音乐/周杰伦/最伟大的作品.mp4 | length=244.233 | time=244.2
[Tuesday/January 13/01/2026 14:12:42] /home/emo/音乐/周杰伦/最后的战役.mp4 | length=251.366 | time=187.6
[Tuesday/January 13/01/2026 14:16:24] /home/emo/音乐/周杰伦/一点点.mp4 | length=222.299 | time=222.267
[Tuesday/January 13/01/2026 14:52:40] /home/emo/音乐/周杰伦/七里香.mp4 | length=299.299 | time=299.267
[Tuesday/January 13/01/2026 14:57:21] /home/emo/音乐/周杰伦/三年二班.mp4 | length=280.499 | time=280.467
[Tuesday/January 13/01/2026 15:02:18] /home/emo/音乐/周杰伦/不能说的秘密.mp4 | length=296.633 | time=296.6
[Tuesday/January 13/01/2026 15:30:52] /home/emo/音乐/周杰伦/兰亭序.mp4 | length=254.166 | time=254.133
[Tuesday/January 13/01/2026 15:35:07] /home/emo/音乐/周杰伦/分裂.mp4 | length=254.833 | time=254.8
[Tuesday/January 13/01/2026 15:38:30] /home/emo/音乐/周杰伦/前世情人.mp4 | length=202.833 | time=202.8
[Tuesday/January 13/01/2026 15:42:38] /home/emo/音乐/周杰伦/千山万水.mp4 | length=247.66380952381 | time=247.66403628124
[Tuesday/January 13/01/2026 15:46:46] /home/emo/音乐/周杰伦/半兽人.mp4 | length=247.466 | time=247.433
[Tuesday/January 13/01/2026 15:52:06] /home/emo/音乐/周杰伦/半岛铁盒.mp4 | length=319.499 | time=319.467
[Tuesday/January 13/01/2026 15:56:58] /home/emo/音乐/周杰伦/双刀.mp4 | length=291.633 | time=291.6
[Tuesday/January 13/01/2026 16:00:20] /home/emo/音乐/周杰伦/双截棍.mp4 | length=201.066 | time=201.033
[Tuesday/January 13/01/2026 16:05:43] /home/emo/音乐/周杰伦/反方向的钟.mp4 | length=258.299 | time=258.267
[Tuesday/January 13/01/2026 16:10:43] /home/emo/音乐/周杰伦/发如雪.mp4 | length=299.433 | time=299.4
[Tuesday/January 13/01/2026 16:14:42] /home/emo/音乐/周杰伦/可爱女人.mp4 | length=239.233 | time=239.2
[Tuesday/January 13/01/2026 16:19:09] /home/emo/音乐/周杰伦/听妈妈的话.mp4 | length=265.699 | time=265.667
[Tuesday/January 13/01/2026 16:20:12] /home/emo/音乐/周杰伦/听见下雨的声音.mp4 | length=279.2893877551 | time=62.5
[Tuesday/January 13/01/2026 16:24:02] /home/emo/音乐/周杰伦/一路向北.mp4 | length=295.833 | time=30.767
[Tuesday/January 13/01/2026 16:24:04] /home/emo/音乐/周杰伦/一路向北.mp4 | length=295.833 | time=0.7
[Tuesday/January 13/01/2026 16:24:05] /home/emo/音乐/周杰伦/一路向北.mp4 | length=295.833 | time=1.533
[Tuesday/January 13/01/2026 16:24:11] /home/emo/音乐/周杰伦/七里香.mp4 | length=299.299 | time=3.233
[Tuesday/January 13/01/2026 16:30:09] /home/emo/视频/obs/2026-01-11_15-21-39.mp4 | length=891.53333333333 | time=62.166666666667
[Tuesday/January 13/01/2026 16:30:23] /home/emo/视频/obs/2026-01-11_15-21-39.mp4 | length=891.53333333333 | time=95.716666666667
[Tuesday/January 13/01/2026 16:30:24] /home/emo/视频/obs/2026-01-11_15-21-39.mp4 | length=891.53333333333 | time=67.533333333333
[Tuesday/January 13/01/2026 18:49:34] /home/emo/音乐/周杰伦/不能说的秘密.mp4 | length=296.633 | time=2.9
[Tuesday/January 13/01/2026 19:13:34] /run/media/emo/emote/hhd800.com@FC2-PPV-4821696.mp4 | length=14093.258333333 | time=729.4876953125
[Tuesday/January 13/01/2026 20:38:45] /home/emo/下载/VideoDownloader/【小lin说下架】中国的房地产怎么了？｜碧桂园｜恒大｜中植｜中融｜信托｜城投债.webm | length=1176.948 | time=1161.1
[Tuesday/January 13/01/2026 20:41:15] /run/media/emo/emote/stepson-cum-inside-me-9-720p.mp4 | length=9073.064 | time=7081.8748
[Tuesday/January 13/01/2026 21:58:53] /home/emo/下载/2026-01-13 21-51-37.mkv | length=9.162 | time=9.154
[Tuesday/January 13/01/2026 22:06:41] /home/emo/下载/【哲风壁纸】夜晚-月下-月下饮乐.mp4 | length=10 | time=9.9833333333333
[Wednesday/January 14/01/2026 11:07:40] /home/emo/音乐/周杰伦/东风破.mp4 | length=315.566 | time=315.533
[Wednesday/January 14/01/2026 11:10:35] /home/emo/音乐/周杰伦/乌克丽丽.mp4 | length=175.299 | time=175.267
[Wednesday/January 14/01/2026 11:16:18] /home/emo/音乐/周杰伦/以父之名.mp4 | length=342.099 | time=342.067
[Wednesday/January 14/01/2026 11:19:47] /home/emo/音乐/周杰伦/伊斯坦堡.mp4 | length=209.299 | time=209.267
[Wednesday/January 14/01/2026 11:23:39] /home/emo/音乐/周杰伦/你听得到.mp4 | length=230.633 | time=230.6
[Wednesday/January 14/01/2026 11:26:45] /home/emo/音乐/周杰伦/公公偏头痛.mp4 | length=183.299 | time=183.267
[Wednesday/January 14/01/2026 11:29:49] /home/emo/音乐/周杰伦/兰亭序.mp4 | length=254.166 | time=183
[Thursday/January 15/01/2026 09:44:31] /run/media/emo/emote/stepson-cum-inside-me-9-720p.mp4 | length=9073.064 | time=7106.0656333333
[Thursday/January 15/01/2026 09:46:21] /run/media/emo/emote/hhd800.com@FC2-PPV-4821696.mp4 | length=14093.258333333 | time=1082.4543619792
[Friday/January 16/01/2026 15:39:23] /home/emo/视频/obs/2026-01-16_15-38-38.mp4 | length=7.4166666666667 | time=7.3833333333333
[Friday/January 16/01/2026 15:43:25] /home/emo/视频/obs/2026-01-16_15-40-13.mp4 | length=85.633333333333 | time=23.3
[Friday/January 16/01/2026 19:04:53] /home/emo/视频/obs/2026-01-16_18-46-45.mp4 | length=1028.2666666667 | time=9.15
